Start testing: Jan 27 17:47 Central Standard Time
----------------------------------------------------------
1/3 Testing: cw_01_tests
1/3 Test: cw_01_tests
Command: "C:/David/2/ACC/SEM2/COSC1337/Class Git/out/build/x64-Debug/test/classwork_test/01_assign_test/cw_01_tests.exe" "-s"
Directory: C:/David/2/ACC/SEM2/COSC1337/Class Git/out/build/x64-Debug/test/classwork_test/01_assign_test
"cw_01_tests" start time: Jan 27 17:47 Central Standard Time
Output:
----------------------------------------------------------

~~~~~~~~~~~~~~~~~~~~~~~~~~~~~~~~~~~~~~~~~~~~~~~~~~~~~~~~~~~~~~~~~~~~~~~~~~~~~~~
cw_01_tests.exe is a Catch v2.2.2 host application.
Run with -? for options

-------------------------------------------------------------------------------
Verify Test Configuration
-------------------------------------------------------------------------------
..\..\..\test\classwork_test\01_assign_test\types_tests.cpp(5)
...............................................................................

..\..\..\test\classwork_test\01_assign_test\types_tests.cpp(6): 
PASSED:
  REQUIRE( true == true )

-------------------------------------------------------------------------------
Test sum_numbers function
-------------------------------------------------------------------------------
..\..\..\test\classwork_test\01_assign_test\types_tests.cpp(9)
...............................................................................

..\..\..\test\classwork_test\01_assign_test\types_tests.cpp(11): 
PASSED:
  REQUIRE( sum_numbers(5, 5) == 10 )
with expansion:
  10 == 10

===============================================================================
All tests passed (2 assertions in 2 test cases)

<end of output>
Test time =   0.15 sec
----------------------------------------------------------
Test Passed.
"cw_01_tests" end time: Jan 27 17:47 Central Standard Time
"cw_01_tests" time elapsed: 00:00:00
----------------------------------------------------------

2/3 Testing: ex_01_tests
2/3 Test: ex_01_tests
Command: "C:/David/2/ACC/SEM2/COSC1337/Class Git/out/build/x64-Debug/test/examples_test/01_module_test/ex_01_tests.exe" "-s"
Directory: C:/David/2/ACC/SEM2/COSC1337/Class Git/out/build/x64-Debug/test/examples_test/01_module_test
"ex_01_tests" start time: Jan 27 17:47 Central Standard Time
Output:
----------------------------------------------------------

~~~~~~~~~~~~~~~~~~~~~~~~~~~~~~~~~~~~~~~~~~~~~~~~~~~~~~~~~~~~~~~~~~~~~~~~~~~~~~~
ex_01_tests.exe is a Catch v2.2.2 host application.
Run with -? for options

-------------------------------------------------------------------------------
Verify Test Configuration
-------------------------------------------------------------------------------
..\..\..\test\examples_test\01_module_test\01_module_tests.cpp(4)
...............................................................................

..\..\..\test\examples_test\01_module_test\01_module_tests.cpp(5): 
PASSED:
  REQUIRE( true == true )

===============================================================================
All tests passed (1 assertion in 1 test case)

<end of output>
Test time =   0.06 sec
----------------------------------------------------------
Test Passed.
"ex_01_tests" end time: Jan 27 17:47 Central Standard Time
"ex_01_tests" time elapsed: 00:00:00
----------------------------------------------------------

3/3 Testing: hw_01_tests
3/3 Test: hw_01_tests
Command: "C:/David/2/ACC/SEM2/COSC1337/Class Git/out/build/x64-Debug/test/homework_test/01_expressions_test/hw_01_tests.exe" "-s"
Directory: C:/David/2/ACC/SEM2/COSC1337/Class Git/out/build/x64-Debug/test/homework_test/01_expressions_test
"hw_01_tests" start time: Jan 27 17:47 Central Standard Time
Output:
----------------------------------------------------------

~~~~~~~~~~~~~~~~~~~~~~~~~~~~~~~~~~~~~~~~~~~~~~~~~~~~~~~~~~~~~~~~~~~~~~~~~~~~~~~
hw_01_tests.exe is a Catch v2.2.2 host application.
Run with -? for options

-------------------------------------------------------------------------------
Verify Test Configuration
-------------------------------------------------------------------------------
..\..\..\test\homework_test\01_expressions_test\01_expressions_tests.cpp(5)
...............................................................................

..\..\..\test\homework_test\01_expressions_test\01_expressions_tests.cpp(6): 
PASSED:
  REQUIRE( true == true )

-------------------------------------------------------------------------------
Verify sum_numbers function
-------------------------------------------------------------------------------
..\..\..\test\homework_test\01_expressions_test\01_expressions_tests.cpp(9)
...............................................................................

..\..\..\test\homework_test\01_expressions_test\01_expressions_tests.cpp(11): 
PASSED:
  REQUIRE( add_numbers(5, 5) == 10 )
with expansion:
  10 == 10

..\..\..\test\homework_test\01_expressions_test\01_expressions_tests.cpp(12): 
PASSED:
  REQUIRE( add_numbers(10, 10) == 20 )
with expansion:
  20 == 20

===============================================================================
All tests passed (3 assertions in 2 test cases)

<end of output>
Test time =   0.05 sec
----------------------------------------------------------
Test Passed.
"hw_01_tests" end time: Jan 27 17:47 Central Standard Time
"hw_01_tests" time elapsed: 00:00:00
----------------------------------------------------------

End testing: Jan 27 17:47 Central Standard Time
